<?xml version="1.0" encoding="UTF-8"?>
<!-- Generated by org.testng.reporters.JUnitReportReporter -->
<testsuite hostname="IN-26RY9K3" failures="0" tests="1" name="com.runner.TestRunner" time="24.342" errors="0" timestamp="2024-11-12T08:39:46 IST" skipped="0">
  <testcase classname="com.runner.TestRunner" name="runScenario" time="24.342"/>
  <system-out/>
</testsuite> <!-- com.runner.TestRunner -->
